<?xml version="1.0" encoding="UTF-8"?>
<testng-results ignored="0" total="2" passed="2" failed="0" skipped="0">
  <reporter-output>
    <line>
      <![CDATA[Team has 1 wicket Keeper]]>
    </line>
    <line>
      <![CDATA[Team has only 4 Foreign Players]]>
    </line>
  </reporter-output>
  <suite started-at="2022-07-20T23:24:31 IST" name="Suite" finished-at="2022-07-20T23:24:31 IST" duration-ms="76">
    <groups>
    </groups>
    <test started-at="2022-07-20T23:24:31 IST" name="Test" finished-at="2022-07-20T23:24:31 IST" duration-ms="76">
      <class name="test.ValidateForeignPlayers">
        <test-method is-config="true" signature="loadFile()[pri:0, instance:test.ValidateForeignPlayers@5ace1ed4]" started-at="2022-07-20T23:24:31 IST" name="loadFile" finished-at="2022-07-20T23:24:31 IST" duration-ms="2" status="PASS">
          <reporter-output>
          </reporter-output>
        </test-method> <!-- loadFile -->
        <test-method signature="validateForeignPlayersTest()[pri:0, instance:test.ValidateForeignPlayers@5ace1ed4]" started-at="2022-07-20T23:24:31 IST" name="validateForeignPlayersTest" finished-at="2022-07-20T23:24:31 IST" duration-ms="2" status="PASS">
          <reporter-output>
            <line>
              <![CDATA[Team has only 4 Foreign Players]]>
            </line>
          </reporter-output>
        </test-method> <!-- validateForeignPlayersTest -->
      </class> <!-- test.ValidateForeignPlayers -->
      <class name="test.ValidateWicketKeeper">
        <test-method is-config="true" signature="loadFile()[pri:0, instance:test.ValidateWicketKeeper@120f102b]" started-at="2022-07-20T23:24:31 IST" name="loadFile" finished-at="2022-07-20T23:24:31 IST" duration-ms="15" status="PASS">
          <reporter-output>
          </reporter-output>
        </test-method> <!-- loadFile -->
        <test-method signature="validateWicketKeeperTest()[pri:0, instance:test.ValidateWicketKeeper@120f102b]" started-at="2022-07-20T23:24:31 IST" name="validateWicketKeeperTest" finished-at="2022-07-20T23:24:31 IST" duration-ms="8" status="PASS">
          <reporter-output>
            <line>
              <![CDATA[Team has 1 wicket Keeper]]>
            </line>
          </reporter-output>
        </test-method> <!-- validateWicketKeeperTest -->
      </class> <!-- test.ValidateWicketKeeper -->
    </test> <!-- Test -->
  </suite> <!-- Suite -->
</testng-results>
